#
# There is insufficient memory for the Java Runtime Environment to continue.
# Native memory allocation (malloc) failed to allocate 1100896 bytes for Chunk::new
# Possible reasons:
#   The system is out of physical RAM or swap space
#   The process is running with CompressedOops enabled, and the Java Heap may be blocking the growth of the native heap
# Possible solutions:
#   Reduce memory load on the system
#   Increase physical memory or swap space
#   Check if swap backing store is full
#   Decrease Java heap size (-Xmx/-Xms)
#   Decrease number of Java threads
#   Decrease Java thread stack sizes (-Xss)
#   Set larger code cache with -XX:ReservedCodeCacheSize=
#   JVM is running with Unscaled Compressed Oops mode in which the Java heap is
#     placed in the first 4GB address space. The Java Heap base address is the
#     maximum limit for the native heap growth. Please use -XX:HeapBaseMinAddress
#     to set the Java Heap base and to place the Java Heap above 4GB virtual address.
# This output file may be truncated or incomplete.
#
#  Out of Memory Error (arena.cpp:189), pid=7968, tid=9720
#
# JRE version: OpenJDK Runtime Environment (17.0.6) (build 17.0.6+0-b2043.56-10027231)
# Java VM: OpenJDK 64-Bit Server VM (17.0.6+0-b2043.56-10027231, mixed mode, tiered, compressed oops, compressed class ptrs, g1 gc, windows-amd64)
# No core dump will be written. Minidumps are not enabled by default on client versions of Windows
#

---------------  S U M M A R Y ------------

Command Line: --add-opens=java.base/java.util=ALL-UNNAMED --add-opens=java.base/java.lang=ALL-UNNAMED --add-opens=java.base/java.lang.invoke=ALL-UNNAMED --add-opens=java.prefs/java.util.prefs=ALL-UNNAMED --add-opens=java.base/java.nio.charset=ALL-UNNAMED --add-opens=java.base/java.net=ALL-UNNAMED --add-opens=java.base/java.util.concurrent.atomic=ALL-UNNAMED -Xmx2048m -Dfile.encoding=UTF-8 -Duser.country=CO -Duser.language=es -Duser.variant org.gradle.launcher.daemon.bootstrap.GradleDaemon 8.0

Host: Intel(R) Core(TM) i5-1035G1 CPU @ 1.00GHz, 8 cores, 7G,  Windows 11 , 64 bit Build 22621 (10.0.22621.2428)
Time: Sun Oct 29 15:59:55 2023 Hora est. Pacífico, Sudamérica elapsed time: 22.813284 seconds (0d 0h 0m 22s)

---------------  T H R E A D  ---------------

Current thread (0x000001451004f8e0):  JavaThread "C2 CompilerThread0" daemon [_thread_in_native, id=9720, stack(0x0000004224e00000,0x0000004224f00000)]


Current CompileTask:
C2:  22813 6964       4       org.objectweb.asm.Frame::execute (2318 bytes)

Stack: [0x0000004224e00000,0x0000004224f00000]
Native frames: (J=compiled Java code, j=interpreted, Vv=VM code, C=native code)
V  [jvm.dll+0x683c9a]
V  [jvm.dll+0x8427a4]
V  [jvm.dll+0x843f9e]
V  [jvm.dll+0x844603]
V  [jvm.dll+0x249b75]
V  [jvm.dll+0xabcac]
V  [jvm.dll+0xac27c]
V  [jvm.dll+0x368857]
V  [jvm.dll+0x1bd0b8]
V  [jvm.dll+0x21c359]
V  [jvm.dll+0x21b621]
V  [jvm.dll+0x1a4fdd]
V  [jvm.dll+0x22b098]
V  [jvm.dll+0x229159]
V  [jvm.dll+0x7f81ec]
V  [jvm.dll+0x7f274a]
V  [jvm.dll+0x682ad5]
C  [ucrtbase.dll+0x29363]
C  [KERNEL32.DLL+0x1257d]
C  [ntdll.dll+0x5aa78]


---------------  P R O C E S S  ---------------

Threads class SMR info:
_java_thread_list=0x00000145195172d0, length=126, elements={
0x00000145734abfe0, 0x000001450f5322c0, 0x000001451001e3f0, 0x000001450f533440,
0x000001450f533d00, 0x000001450f5345c0, 0x000001451004e920, 0x000001451004f8e0,
0x00000145100520e0, 0x000001451006e260, 0x00000145101e6010, 0x00000145101ea500,
0x0000014512dbc190, 0x00000145116934c0, 0x0000014512ca7140, 0x0000014512a36900,
0x0000014512cb2c80, 0x0000014511a99ec0, 0x0000014511a9a390, 0x0000014512b16a40,
0x0000014512b14890, 0x0000014512b13a20, 0x0000014512b13ef0, 0x0000014512b160a0,
0x0000014512b143c0, 0x0000014512b15700, 0x0000014512b13550, 0x0000014512b14d60,
0x0000014512b16570, 0x0000014512b15230, 0x0000014512b15bd0, 0x0000014512b16f10,
0x0000014514181de0, 0x0000014514186fb0, 0x00000145141857a0, 0x0000014514186140,
0x00000145141835f0, 0x0000014514184e00, 0x0000014514184460, 0x0000014514184930,
0x0000014514185c70, 0x0000014514186ae0, 0x0000014514187480, 0x0000014514187950,
0x0000014514187e20, 0x00000145141882f0, 0x00000145141822b0, 0x00000145141887c0,
0x0000014514188c90, 0x0000014514182780, 0x0000014514182c50, 0x0000014514183120,
0x00000145145074f0, 0x0000014514506680, 0x0000014514507020, 0x0000014514503660,
0x0000014514505340, 0x0000014514503b30, 0x00000145145061b0, 0x0000014514508830,
0x0000014514503190, 0x0000014514504000, 0x0000014514505810, 0x00000145145079c0,
0x00000145145044d0, 0x0000014514506b50, 0x00000145145049a0, 0x0000014514507e90,
0x0000014514500fe0, 0x0000014514508360, 0x0000014514505ce0, 0x00000145145014b0,
0x0000014514502cc0, 0x0000014514501980, 0x0000014514501e50, 0x0000014514502320,
0x00000145145027f0, 0x0000014514504e70, 0x00000145104bfe00, 0x00000145104bb5d0,
0x00000145104c2e20, 0x00000145104bbf70, 0x00000145104bc440, 0x00000145104bdc50,
0x00000145104bbaa0, 0x00000145104be120, 0x00000145104c1fb0, 0x00000145104c1140,
0x00000145104bc910, 0x00000145104bcde0, 0x00000145104c07a0, 0x00000145104c2480,
0x00000145104bd2b0, 0x00000145104beac0, 0x00000145104bd780, 0x00000145104bef90,
0x00000145104be5f0, 0x00000145104bf460, 0x00000145104bf930, 0x00000145104c02d0,
0x00000145104c2950, 0x00000145104c0c70, 0x00000145104c1610, 0x00000145104c1ae0,
0x0000014512ccc710, 0x0000014512cca560, 0x0000014512ccda50, 0x0000014512cc7540,
0x0000014512cc96f0, 0x0000014512ccbd70, 0x0000014512cc7a10, 0x0000014512cccbe0,
0x0000014512cce8c0, 0x0000014512cc9bc0, 0x0000014512ccb3d0, 0x0000014512ccd580,
0x0000014512ccd0b0, 0x0000014512ccdf20, 0x0000014512cc83b0, 0x0000014512cca090,
0x0000014512cc7ee0, 0x0000014512cce3f0, 0x0000014512cc8880, 0x0000014512cc7070,
0x0000014512cc8d50, 0x0000014512cc9220
}

Java Threads: ( => current thread )
  0x00000145734abfe0 JavaThread "main" [_thread_blocked, id=8788, stack(0x0000004224100000,0x0000004224200000)]
  0x000001450f5322c0 JavaThread "Reference Handler" daemon [_thread_blocked, id=11008, stack(0x0000004224800000,0x0000004224900000)]
  0x000001451001e3f0 JavaThread "Finalizer" daemon [_thread_blocked, id=13164, stack(0x0000004224900000,0x0000004224a00000)]
  0x000001450f533440 JavaThread "Signal Dispatcher" daemon [_thread_blocked, id=9284, stack(0x0000004224a00000,0x0000004224b00000)]
  0x000001450f533d00 JavaThread "Attach Listener" daemon [_thread_blocked, id=7304, stack(0x0000004224b00000,0x0000004224c00000)]
  0x000001450f5345c0 JavaThread "Service Thread" daemon [_thread_blocked, id=16524, stack(0x0000004224c00000,0x0000004224d00000)]
  0x000001451004e920 JavaThread "Monitor Deflation Thread" daemon [_thread_blocked, id=5620, stack(0x0000004224d00000,0x0000004224e00000)]
=>0x000001451004f8e0 JavaThread "C2 CompilerThread0" daemon [_thread_in_native, id=9720, stack(0x0000004224e00000,0x0000004224f00000)]
  0x00000145100520e0 JavaThread "C1 CompilerThread0" daemon [_thread_blocked, id=2376, stack(0x0000004224f00000,0x0000004225000000)]
  0x000001451006e260 JavaThread "Sweeper thread" daemon [_thread_blocked, id=5092, stack(0x0000004225000000,0x0000004225100000)]
  0x00000145101e6010 JavaThread "Common-Cleaner" daemon [_thread_blocked, id=8868, stack(0x0000004225100000,0x0000004225200000)]
  0x00000145101ea500 JavaThread "Notification Thread" daemon [_thread_blocked, id=16740, stack(0x0000004225200000,0x0000004225300000)]
  0x0000014512dbc190 JavaThread "Daemon health stats" [_thread_blocked, id=13932, stack(0x0000004225900000,0x0000004225a00000)]
  0x00000145116934c0 JavaThread "Incoming local TCP Connector on port 54168" [_thread_in_native, id=16228, stack(0x0000004225400000,0x0000004225500000)]
  0x0000014512ca7140 JavaThread "Daemon periodic checks" [_thread_blocked, id=15580, stack(0x0000004225a00000,0x0000004225b00000)]
  0x0000014512a36900 JavaThread "Daemon" [_thread_blocked, id=16060, stack(0x0000004225b00000,0x0000004225c00000)]
  0x0000014512cb2c80 JavaThread "Handler for socket connection from /127.0.0.1:54168 to /127.0.0.1:54169" [_thread_in_native, id=2232, stack(0x0000004225c00000,0x0000004225d00000)]
  0x0000014511a99ec0 JavaThread "Cancel handler" [_thread_blocked, id=14260, stack(0x0000004225d00000,0x0000004225e00000)]
  0x0000014511a9a390 JavaThread "Daemon worker" [_thread_in_Java, id=12224, stack(0x0000004225e00000,0x0000004225f00000)]
  0x0000014512b16a40 JavaThread "Asynchronous log dispatcher for DefaultDaemonConnection: socket connection from /127.0.0.1:54168 to /127.0.0.1:54169" [_thread_blocked, id=7564, stack(0x0000004225f00000,0x0000004226000000)]
  0x0000014512b14890 JavaThread "Stdin handler" [_thread_blocked, id=17136, stack(0x0000004226000000,0x0000004226100000)]
  0x0000014512b13a20 JavaThread "Daemon client event forwarder" [_thread_blocked, id=15820, stack(0x0000004226100000,0x0000004226200000)]
  0x0000014512b13ef0 JavaThread "Cache worker for journal cache (C:\Users\jonat\.gradle\caches\journal-1)" [_thread_blocked, id=4344, stack(0x0000004226600000,0x0000004226700000)]
  0x0000014512b160a0 JavaThread "File lock request listener" [_thread_in_native, id=17148, stack(0x0000004226700000,0x0000004226800000)]
  0x0000014512b143c0 JavaThread "Cache worker for file hash cache (C:\Users\jonat\.gradle\caches\8.0\fileHashes)" [_thread_blocked, id=14552, stack(0x0000004226800000,0x0000004226900000)]
  0x0000014512b15700 JavaThread "File watcher server" daemon [_thread_in_native, id=12628, stack(0x0000004226900000,0x0000004226a00000)]
  0x0000014512b13550 JavaThread "File watcher consumer" daemon [_thread_blocked, id=16836, stack(0x0000004226a00000,0x0000004226b00000)]
  0x0000014512b14d60 JavaThread "Cache worker for checksums cache (C:\Users\jonat\AndroidStudioProjects\FirstApplication\.gradle\8.0\checksums)" [_thread_blocked, id=13728, stack(0x0000004226b00000,0x0000004226c00000)]
  0x0000014512b16570 JavaThread "Cache worker for cache directory md-rule (C:\Users\jonat\.gradle\caches\8.0\md-rule)" [_thread_blocked, id=1676, stack(0x0000004226c00000,0x0000004226d00000)]
  0x0000014512b15230 JavaThread "Cache worker for file content cache (C:\Users\jonat\.gradle\caches\8.0\fileContent)" [_thread_blocked, id=7840, stack(0x0000004226d00000,0x0000004226e00000)]
  0x0000014512b15bd0 JavaThread "Cache worker for file hash cache (C:\Users\jonat\AndroidStudioProjects\FirstApplication\.gradle\8.0\fileHashes)" [_thread_blocked, id=16380, stack(0x0000004226e00000,0x0000004226f00000)]
  0x0000014512b16f10 JavaThread "Cache worker for cache directory md-supplier (C:\Users\jonat\.gradle\caches\8.0\md-supplier)" [_thread_blocked, id=14300, stack(0x0000004226f00000,0x0000004227000000)]
  0x0000014514181de0 JavaThread "Cache worker for execution history cache (C:\Users\jonat\.gradle\caches\8.0\executionHistory)" [_thread_blocked, id=9016, stack(0x0000004227000000,0x0000004227100000)]
  0x0000014514186fb0 JavaThread "jar transforms" [_thread_blocked, id=16876, stack(0x0000004227100000,0x0000004227200000)]
  0x00000145141857a0 JavaThread "jar transforms Thread 2" [_thread_blocked, id=14376, stack(0x0000004227200000,0x0000004227300000)]
  0x0000014514186140 JavaThread "Cache worker for kotlin-dsl (C:\Users\jonat\.gradle\caches\8.0\kotlin-dsl)" [_thread_blocked, id=13132, stack(0x0000004227500000,0x0000004227600000)]
  0x00000145141835f0 JavaThread "jar transforms Thread 3" [_thread_blocked, id=5848, stack(0x0000004227600000,0x0000004227700000)]
  0x0000014514184e00 JavaThread "jar transforms Thread 4" [_thread_blocked, id=14388, stack(0x0000004227700000,0x0000004227800000)]
  0x0000014514184460 JavaThread "Cache worker for dependencies-accessors (C:\Users\jonat\AndroidStudioProjects\FirstApplication\.gradle\8.0\dependencies-accessors)" [_thread_blocked, id=3248, stack(0x0000004227800000,0x0000004227900000)]
  0x0000014514184930 JavaThread "Cache worker for Build Output Cleanup Cache (C:\Users\jonat\AndroidStudioProjects\FirstApplication\.gradle\buildOutputCleanup)" [_thread_blocked, id=1332, stack(0x0000004227900000,0x0000004227a00000)]
  0x0000014514185c70 JavaThread "jar transforms Thread 5" [_thread_blocked, id=9800, stack(0x0000004227a00000,0x0000004227b00000)]
  0x0000014514186ae0 JavaThread "Unconstrained build operations" [_thread_blocked, id=1492, stack(0x0000004227c00000,0x0000004227d00000)]
  0x0000014514187480 JavaThread "Unconstrained build operations Thread 2" [_thread_blocked, id=15076, stack(0x0000004227d00000,0x0000004227e00000)]
  0x0000014514187950 JavaThread "Unconstrained build operations Thread 3" [_thread_blocked, id=12232, stack(0x0000004227e00000,0x0000004227f00000)]
  0x0000014514187e20 JavaThread "Unconstrained build operations Thread 4" [_thread_blocked, id=1532, stack(0x0000004227f00000,0x0000004228000000)]
  0x00000145141882f0 JavaThread "Unconstrained build operations Thread 5" [_thread_blocked, id=12028, stack(0x0000004228000000,0x0000004228100000)]
  0x00000145141822b0 JavaThread "Unconstrained build operations Thread 6" [_thread_blocked, id=7284, stack(0x0000004228100000,0x0000004228200000)]
  0x00000145141887c0 JavaThread "Unconstrained build operations Thread 7" [_thread_blocked, id=1984, stack(0x0000004228200000,0x0000004228300000)]
  0x0000014514188c90 JavaThread "Unconstrained build operations Thread 8" [_thread_blocked, id=10420, stack(0x0000004228300000,0x0000004228400000)]
  0x0000014514182780 JavaThread "Unconstrained build operations Thread 9" [_thread_blocked, id=3532, stack(0x0000004228400000,0x0000004228500000)]
  0x0000014514182c50 JavaThread "Unconstrained build operations Thread 10" [_thread_blocked, id=8820, stack(0x0000004228500000,0x0000004228600000)]
  0x0000014514183120 JavaThread "Unconstrained build operations Thread 11" [_thread_blocked, id=2340, stack(0x0000004228600000,0x0000004228700000)]
  0x00000145145074f0 JavaThread "Unconstrained build operations Thread 12" [_thread_blocked, id=7044, stack(0x0000004228700000,0x0000004228800000)]
  0x0000014514506680 JavaThread "Unconstrained build operations Thread 13" [_thread_blocked, id=15408, stack(0x0000004228800000,0x0000004228900000)]
  0x0000014514507020 JavaThread "Unconstrained build operations Thread 14" [_thread_blocked, id=15804, stack(0x0000004228900000,0x0000004228a00000)]
  0x0000014514503660 JavaThread "Unconstrained build operations Thread 15" [_thread_blocked, id=5880, stack(0x0000004228a00000,0x0000004228b00000)]
  0x0000014514505340 JavaThread "Unconstrained build operations Thread 16" [_thread_blocked, id=3120, stack(0x0000004228b00000,0x0000004228c00000)]
  0x0000014514503b30 JavaThread "Unconstrained build operations Thread 17" [_thread_blocked, id=13804, stack(0x0000004228c00000,0x0000004228d00000)]
  0x00000145145061b0 JavaThread "Unconstrained build operations Thread 18" [_thread_blocked, id=2840, stack(0x0000004228d00000,0x0000004228e00000)]
  0x0000014514508830 JavaThread "Unconstrained build operations Thread 19" [_thread_blocked, id=4536, stack(0x0000004228e00000,0x0000004228f00000)]
  0x0000014514503190 JavaThread "Unconstrained build operations Thread 20" [_thread_blocked, id=1912, stack(0x0000004228f00000,0x0000004229000000)]
  0x0000014514504000 JavaThread "Unconstrained build operations Thread 21" [_thread_blocked, id=15784, stack(0x0000004229000000,0x0000004229100000)]
  0x0000014514505810 JavaThread "Unconstrained build operations Thread 22" [_thread_blocked, id=7712, stack(0x0000004229100000,0x0000004229200000)]
  0x00000145145079c0 JavaThread "Unconstrained build operations Thread 23" [_thread_blocked, id=15896, stack(0x0000004229200000,0x0000004229300000)]
  0x00000145145044d0 JavaThread "Unconstrained build operations Thread 24" [_thread_blocked, id=14392, stack(0x0000004229300000,0x0000004229400000)]
  0x0000014514506b50 JavaThread "Unconstrained build operations Thread 25" [_thread_blocked, id=3800, stack(0x0000004229400000,0x0000004229500000)]
  0x00000145145049a0 JavaThread "Unconstrained build operations Thread 26" [_thread_blocked, id=9752, stack(0x0000004229500000,0x0000004229600000)]
  0x0000014514507e90 JavaThread "Unconstrained build operations Thread 27" [_thread_blocked, id=4252, stack(0x0000004229600000,0x0000004229700000)]
  0x0000014514500fe0 JavaThread "Unconstrained build operations Thread 28" [_thread_blocked, id=16784, stack(0x0000004229700000,0x0000004229800000)]
  0x0000014514508360 JavaThread "Unconstrained build operations Thread 29" [_thread_blocked, id=10988, stack(0x0000004229800000,0x0000004229900000)]
  0x0000014514505ce0 JavaThread "Unconstrained build operations Thread 30" [_thread_blocked, id=13960, stack(0x0000004229900000,0x0000004229a00000)]
  0x00000145145014b0 JavaThread "Unconstrained build operations Thread 31" [_thread_blocked, id=15980, stack(0x0000004229a00000,0x0000004229b00000)]
  0x0000014514502cc0 JavaThread "Unconstrained build operations Thread 32" [_thread_blocked, id=4136, stack(0x0000004229b00000,0x0000004229c00000)]
  0x0000014514501980 JavaThread "Unconstrained build operations Thread 33" [_thread_blocked, id=6972, stack(0x0000004229c00000,0x0000004229d00000)]
  0x0000014514501e50 JavaThread "Unconstrained build operations Thread 34" [_thread_blocked, id=13788, stack(0x0000004229d00000,0x0000004229e00000)]
  0x0000014514502320 JavaThread "Unconstrained build operations Thread 35" [_thread_blocked, id=16520, stack(0x0000004229e00000,0x0000004229f00000)]
  0x00000145145027f0 JavaThread "Unconstrained build operations Thread 36" [_thread_blocked, id=14704, stack(0x0000004229f00000,0x000000422a000000)]
  0x0000014514504e70 JavaThread "Unconstrained build operations Thread 37" [_thread_blocked, id=11808, stack(0x000000422a000000,0x000000422a100000)]
  0x00000145104bfe00 JavaThread "Unconstrained build operations Thread 38" [_thread_blocked, id=6884, stack(0x000000422a100000,0x000000422a200000)]
  0x00000145104bb5d0 JavaThread "Unconstrained build operations Thread 39" [_thread_blocked, id=14056, stack(0x000000422a200000,0x000000422a300000)]
  0x00000145104c2e20 JavaThread "Unconstrained build operations Thread 40" [_thread_blocked, id=8352, stack(0x000000422a300000,0x000000422a400000)]
  0x00000145104bbf70 JavaThread "Unconstrained build operations Thread 41" [_thread_blocked, id=2460, stack(0x000000422a400000,0x000000422a500000)]
  0x00000145104bc440 JavaThread "Unconstrained build operations Thread 42" [_thread_blocked, id=3044, stack(0x000000422a500000,0x000000422a600000)]
  0x00000145104bdc50 JavaThread "Unconstrained build operations Thread 43" [_thread_blocked, id=1228, stack(0x000000422a600000,0x000000422a700000)]
  0x00000145104bbaa0 JavaThread "Unconstrained build operations Thread 44" [_thread_blocked, id=2096, stack(0x000000422a700000,0x000000422a800000)]
  0x00000145104be120 JavaThread "Unconstrained build operations Thread 45" [_thread_blocked, id=7332, stack(0x000000422a800000,0x000000422a900000)]
  0x00000145104c1fb0 JavaThread "Unconstrained build operations Thread 46" [_thread_blocked, id=15316, stack(0x000000422a900000,0x000000422aa00000)]
  0x00000145104c1140 JavaThread "Unconstrained build operations Thread 47" [_thread_blocked, id=8720, stack(0x000000422aa00000,0x000000422ab00000)]
  0x00000145104bc910 JavaThread "Unconstrained build operations Thread 48" [_thread_blocked, id=2468, stack(0x000000422ab00000,0x000000422ac00000)]
  0x00000145104bcde0 JavaThread "Unconstrained build operations Thread 49" [_thread_blocked, id=1280, stack(0x000000422ac00000,0x000000422ad00000)]
  0x00000145104c07a0 JavaThread "Unconstrained build operations Thread 50" [_thread_blocked, id=17076, stack(0x000000422ad00000,0x000000422ae00000)]
  0x00000145104c2480 JavaThread "Unconstrained build operations Thread 51" [_thread_blocked, id=14028, stack(0x000000422ae00000,0x000000422af00000)]
  0x00000145104bd2b0 JavaThread "Unconstrained build operations Thread 52" [_thread_blocked, id=2736, stack(0x000000422af00000,0x000000422b000000)]
  0x00000145104beac0 JavaThread "Unconstrained build operations Thread 53" [_thread_blocked, id=7004, stack(0x000000422b000000,0x000000422b100000)]
  0x00000145104bd780 JavaThread "Unconstrained build operations Thread 54" [_thread_blocked, id=13336, stack(0x000000422b100000,0x000000422b200000)]
  0x00000145104bef90 JavaThread "Unconstrained build operations Thread 55" [_thread_blocked, id=16152, stack(0x000000422b200000,0x000000422b300000)]
  0x00000145104be5f0 JavaThread "Unconstrained build operations Thread 56" [_thread_blocked, id=3348, stack(0x000000422b300000,0x000000422b400000)]
  0x00000145104bf460 JavaThread "Unconstrained build operations Thread 57" [_thread_blocked, id=11976, stack(0x000000422b400000,0x000000422b500000)]
  0x00000145104bf930 JavaThread "Unconstrained build operations Thread 58" [_thread_blocked, id=12992, stack(0x000000422b500000,0x000000422b600000)]
  0x00000145104c02d0 JavaThread "Unconstrained build operations Thread 59" [_thread_blocked, id=4128, stack(0x000000422b600000,0x000000422b700000)]
  0x00000145104c2950 JavaThread "Unconstrained build operations Thread 60" [_thread_blocked, id=3632, stack(0x000000422b700000,0x000000422b800000)]
  0x00000145104c0c70 JavaThread "Unconstrained build operations Thread 61" [_thread_blocked, id=296, stack(0x000000422b800000,0x000000422b900000)]
  0x00000145104c1610 JavaThread "Unconstrained build operations Thread 62" [_thread_blocked, id=14308, stack(0x000000422b900000,0x000000422ba00000)]
  0x00000145104c1ae0 JavaThread "Unconstrained build operations Thread 63" [_thread_blocked, id=11280, stack(0x000000422ba00000,0x000000422bb00000)]
  0x0000014512ccc710 JavaThread "Unconstrained build operations Thread 64" [_thread_blocked, id=8028, stack(0x000000422bb00000,0x000000422bc00000)]
  0x0000014512cca560 JavaThread "Unconstrained build operations Thread 65" [_thread_blocked, id=16580, stack(0x000000422bc00000,0x000000422bd00000)]
  0x0000014512ccda50 JavaThread "Unconstrained build operations Thread 66" [_thread_blocked, id=16252, stack(0x000000422bd00000,0x000000422be00000)]
  0x0000014512cc7540 JavaThread "Unconstrained build operations Thread 67" [_thread_blocked, id=4932, stack(0x000000422be00000,0x000000422bf00000)]
  0x0000014512cc96f0 JavaThread "Unconstrained build operations Thread 68" [_thread_blocked, id=14540, stack(0x000000422bf00000,0x000000422c000000)]
  0x0000014512ccbd70 JavaThread "Unconstrained build operations Thread 69" [_thread_blocked, id=15456, stack(0x000000422c000000,0x000000422c100000)]
  0x0000014512cc7a10 JavaThread "Unconstrained build operations Thread 70" [_thread_blocked, id=13260, stack(0x000000422c100000,0x000000422c200000)]
  0x0000014512cccbe0 JavaThread "Unconstrained build operations Thread 71" [_thread_blocked, id=5396, stack(0x000000422c200000,0x000000422c300000)]
  0x0000014512cce8c0 JavaThread "Unconstrained build operations Thread 72" [_thread_blocked, id=16664, stack(0x000000422c300000,0x000000422c400000)]
  0x0000014512cc9bc0 JavaThread "Unconstrained build operations Thread 73" [_thread_blocked, id=2352, stack(0x000000422c400000,0x000000422c500000)]
  0x0000014512ccb3d0 JavaThread "Unconstrained build operations Thread 74" [_thread_blocked, id=9816, stack(0x000000422c500000,0x000000422c600000)]
  0x0000014512ccd580 JavaThread "Unconstrained build operations Thread 75" [_thread_blocked, id=3088, stack(0x000000422c600000,0x000000422c700000)]
  0x0000014512ccd0b0 JavaThread "Unconstrained build operations Thread 76" [_thread_blocked, id=13756, stack(0x000000422c700000,0x000000422c800000)]
  0x0000014512ccdf20 JavaThread "Unconstrained build operations Thread 77" [_thread_blocked, id=8644, stack(0x000000422c800000,0x000000422c900000)]
  0x0000014512cc83b0 JavaThread "Unconstrained build operations Thread 78" [_thread_blocked, id=15152, stack(0x000000422c900000,0x000000422ca00000)]
  0x0000014512cca090 JavaThread "Unconstrained build operations Thread 79" [_thread_blocked, id=15000, stack(0x000000422ca00000,0x000000422cb00000)]
  0x0000014512cc7ee0 JavaThread "Unconstrained build operations Thread 80" [_thread_blocked, id=15604, stack(0x000000422cb00000,0x000000422cc00000)]
  0x0000014512cce3f0 JavaThread "jar transforms Thread 6" [_thread_blocked, id=7572, stack(0x000000422cc00000,0x000000422cd00000)]
  0x0000014512cc8880 JavaThread "jar transforms Thread 7" [_thread_blocked, id=16156, stack(0x000000422cd00000,0x000000422ce00000)]
  0x0000014512cc7070 JavaThread "jar transforms Thread 8" [_thread_blocked, id=15132, stack(0x000000422ce00000,0x000000422cf00000)]
  0x0000014512cc8d50 JavaThread "build event listener" [_thread_blocked, id=14940, stack(0x000000422cf00000,0x000000422d000000)]
  0x0000014512cc9220 JavaThread "Memory manager" [_thread_blocked, id=5296, stack(0x000000422d000000,0x000000422d100000)]

Other Threads:
  0x000001450f52f430 VMThread "VM Thread" [stack: 0x0000004224700000,0x0000004224800000] [id=15884]
  0x000001450f4c8c30 WatcherThread [stack: 0x0000004225300000,0x0000004225400000] [id=10492]
  0x0000014575724990 GCTaskThread "GC Thread#0" [stack: 0x0000004224200000,0x0000004224300000] [id=6900]
  0x0000014510a97bd0 GCTaskThread "GC Thread#1" [stack: 0x0000004225500000,0x0000004225600000] [id=13644]
  0x0000014510becc50 GCTaskThread "GC Thread#2" [stack: 0x0000004225600000,0x0000004225700000] [id=7824]
  0x0000014510e7fb60 GCTaskThread "GC Thread#3" [stack: 0x0000004225700000,0x0000004225800000] [id=10888]
  0x0000014511524540 GCTaskThread "GC Thread#4" [stack: 0x0000004225800000,0x0000004225900000] [id=14604]
  0x0000014513016a90 GCTaskThread "GC Thread#5" [stack: 0x0000004226200000,0x0000004226300000] [id=15492]
  0x00000145126705f0 GCTaskThread "GC Thread#6" [stack: 0x0000004226300000,0x0000004226400000] [id=15100]
  0x0000014512b18920 GCTaskThread "GC Thread#7" [stack: 0x0000004226400000,0x0000004226500000] [id=15996]
  0x00000145757357e0 ConcurrentGCThread "G1 Main Marker" [stack: 0x0000004224300000,0x0000004224400000] [id=5320]
  0x0000014575736100 ConcurrentGCThread "G1 Conc#0" [stack: 0x0000004224400000,0x0000004224500000] [id=11664]
  0x0000014512451d50 ConcurrentGCThread "G1 Conc#1" [stack: 0x0000004226500000,0x0000004226600000] [id=14748]
  0x000001457576d0b0 ConcurrentGCThread "G1 Refine#0" [stack: 0x0000004224500000,0x0000004224600000] [id=13964]
  0x0000014512c3f490 ConcurrentGCThread "G1 Refine#1" [stack: 0x0000004227300000,0x0000004227400000] [id=8772]
  0x0000014512c3fd30 ConcurrentGCThread "G1 Refine#2" [stack: 0x0000004227400000,0x0000004227500000] [id=12788]
  0x000001457576d9e0 ConcurrentGCThread "G1 Service" [stack: 0x0000004224600000,0x0000004224700000] [id=3244]

Threads with active compile tasks:
C2 CompilerThread0    22949 6964       4       org.objectweb.asm.Frame::execute (2318 bytes)

VM state: not at safepoint (normal execution)

VM Mutex/Monitor currently owned by a thread: None

Heap address: 0x0000000080000000, size: 2048 MB, Compressed Oops mode: 32-bit

CDS archive(s) not mapped
Compressed class space mapped at: 0x0000000100000000-0x0000000140000000, reserved size: 1073741824
Narrow klass base: 0x0000000000000000, Narrow klass shift: 3, Narrow klass range: 0x140000000

GC Precious Log:
 CPUs: 8 total, 8 available
 Memory: 7932M
 Large Page Support: Disabled
 NUMA Support: Disabled
 Compressed Oops: Enabled (32-bit)
 Heap Region Size: 1M
 Heap Min Capacity: 8M
 Heap Initial Capacity: 124M
 Heap Max Capacity: 2G
 Pre-touch: Disabled
 Parallel Workers: 8
 Concurrent Workers: 2
 Concurrent Refinement Workers: 8
 Periodic GC: Disabled

Heap:
 garbage-first heap   total 101376K, used 70489K [0x0000000080000000, 0x0000000100000000)
  region size 1024K, 13 young (13312K), 1 survivors (1024K)
 Metaspace       used 74408K, committed 75008K, reserved 1114112K
  class space    used 10268K, committed 10560K, reserved 1048576K

Heap Regions: E=young(eden), S=young(survivor), O=old, HS=humongous(starts), HC=humongous(continues), CS=collection set, F=free, OA=open archive, CA=closed archive, TAMS=top-at-mark-start (previous, next)
|   0|0x0000000080000000, 0x0000000080100000, 0x0000000080100000|100%|HS|  |TAMS 0x0000000080100000, 0x0000000080000000| Complete 
|   1|0x0000000080100000, 0x0000000080200000, 0x0000000080200000|100%|HC|  |TAMS 0x0000000080200000, 0x0000000080100000| Complete 
|   2|0x0000000080200000, 0x0000000080300000, 0x0000000080300000|100%|HC|  |TAMS 0x0000000080300000, 0x0000000080200000| Complete 
|   3|0x0000000080300000, 0x0000000080400000, 0x0000000080400000|100%|HC|  |TAMS 0x0000000080400000, 0x0000000080300000| Complete 
|   4|0x0000000080400000, 0x0000000080500000, 0x0000000080500000|100%| O|  |TAMS 0x0000000080500000, 0x0000000080400000| Untracked 
|   5|0x0000000080500000, 0x0000000080600000, 0x0000000080600000|100%| O|  |TAMS 0x0000000080600000, 0x0000000080500000| Untracked 
|   6|0x0000000080600000, 0x0000000080700000, 0x0000000080700000|100%| O|  |TAMS 0x0000000080700000, 0x0000000080600000| Untracked 
|   7|0x0000000080700000, 0x0000000080800000, 0x0000000080800000|100%| O|  |TAMS 0x0000000080800000, 0x0000000080700000| Untracked 
|   8|0x0000000080800000, 0x0000000080900000, 0x0000000080900000|100%| O|  |TAMS 0x0000000080900000, 0x0000000080800000| Untracked 
|   9|0x0000000080900000, 0x0000000080a00000, 0x0000000080a00000|100%| O|  |TAMS 0x0000000080a00000, 0x0000000080900000| Untracked 
|  10|0x0000000080a00000, 0x0000000080b00000, 0x0000000080b00000|100%| O|  |TAMS 0x0000000080b00000, 0x0000000080a00000| Untracked 
|  11|0x0000000080b00000, 0x0000000080c00000, 0x0000000080c00000|100%| O|  |TAMS 0x0000000080b00000, 0x0000000080b00000| Untracked 
|  12|0x0000000080c00000, 0x0000000080d00000, 0x0000000080d00000|100%| O|  |TAMS 0x0000000080d00000, 0x0000000080c00000| Untracked 
|  13|0x0000000080d00000, 0x0000000080e00000, 0x0000000080e00000|100%| O|  |TAMS 0x0000000080e00000, 0x0000000080d00000| Untracked 
|  14|0x0000000080e00000, 0x0000000080f00000, 0x0000000080f00000|100%| O|  |TAMS 0x0000000080f00000, 0x0000000080e00000| Untracked 
|  15|0x0000000080f00000, 0x0000000081000000, 0x0000000081000000|100%| O|  |TAMS 0x0000000081000000, 0x0000000080f00000| Untracked 
|  16|0x0000000081000000, 0x0000000081100000, 0x0000000081100000|100%| O|  |TAMS 0x0000000081100000, 0x0000000081000000| Untracked 
|  17|0x0000000081100000, 0x0000000081200000, 0x0000000081200000|100%| O|  |TAMS 0x0000000081200000, 0x0000000081100000| Untracked 
|  18|0x0000000081200000, 0x0000000081300000, 0x0000000081300000|100%| O|  |TAMS 0x0000000081300000, 0x0000000081200000| Untracked 
|  19|0x0000000081300000, 0x0000000081400000, 0x0000000081400000|100%| O|  |TAMS 0x0000000081400000, 0x0000000081300000| Untracked 
|  20|0x0000000081400000, 0x0000000081500000, 0x0000000081500000|100%| O|  |TAMS 0x0000000081500000, 0x0000000081400000| Untracked 
|  21|0x0000000081500000, 0x0000000081600000, 0x0000000081600000|100%| O|  |TAMS 0x0000000081600000, 0x0000000081500000| Untracked 
|  22|0x0000000081600000, 0x0000000081700000, 0x0000000081700000|100%| O|  |TAMS 0x0000000081700000, 0x0000000081600000| Untracked 
|  23|0x0000000081700000, 0x0000000081800000, 0x0000000081800000|100%| O|  |TAMS 0x0000000081800000, 0x0000000081700000| Untracked 
|  24|0x0000000081800000, 0x0000000081900000, 0x0000000081900000|100%| O|  |TAMS 0x0000000081900000, 0x0000000081800000| Untracked 
|  25|0x0000000081900000, 0x0000000081a00000, 0x0000000081a00000|100%| O|  |TAMS 0x0000000081a00000, 0x0000000081900000| Untracked 
|  26|0x0000000081a00000, 0x0000000081b00000, 0x0000000081b00000|100%| O|  |TAMS 0x0000000081b00000, 0x0000000081a00000| Untracked 
|  27|0x0000000081b00000, 0x0000000081c00000, 0x0000000081c00000|100%| O|  |TAMS 0x0000000081c00000, 0x0000000081b00000| Untracked 
|  28|0x0000000081c00000, 0x0000000081d00000, 0x0000000081d00000|100%| O|  |TAMS 0x0000000081d00000, 0x0000000081c00000| Untracked 
|  29|0x0000000081d00000, 0x0000000081e00000, 0x0000000081e00000|100%| O|  |TAMS 0x0000000081e00000, 0x0000000081d00000| Untracked 
|  30|0x0000000081e00000, 0x0000000081f00000, 0x0000000081f00000|100%| O|  |TAMS 0x0000000081f00000, 0x0000000081e00000| Untracked 
|  31|0x0000000081f00000, 0x0000000082000000, 0x0000000082000000|100%| O|  |TAMS 0x0000000082000000, 0x0000000081f00000| Untracked 
|  32|0x0000000082000000, 0x0000000082100000, 0x0000000082100000|100%| O|  |TAMS 0x0000000082100000, 0x0000000082000000| Untracked 
|  33|0x0000000082100000, 0x0000000082200000, 0x0000000082200000|100%| O|  |TAMS 0x0000000082200000, 0x0000000082100000| Untracked 
|  34|0x0000000082200000, 0x0000000082300000, 0x0000000082300000|100%| O|  |TAMS 0x0000000082300000, 0x0000000082200000| Untracked 
|  35|0x0000000082300000, 0x0000000082400000, 0x0000000082400000|100%| O|  |TAMS 0x0000000082400000, 0x0000000082300000| Untracked 
|  36|0x0000000082400000, 0x0000000082400000, 0x0000000082500000|  0%| F|  |TAMS 0x0000000082400000, 0x0000000082400000| Untracked 
|  37|0x0000000082500000, 0x0000000082600000, 0x0000000082600000|100%| O|  |TAMS 0x0000000082600000, 0x0000000082500000| Untracked 
|  38|0x0000000082600000, 0x0000000082700000, 0x0000000082700000|100%| O|  |TAMS 0x0000000082700000, 0x0000000082600000| Untracked 
|  39|0x0000000082700000, 0x0000000082800000, 0x0000000082800000|100%| O|  |TAMS 0x0000000082800000, 0x0000000082700000| Untracked 
|  40|0x0000000082800000, 0x0000000082900000, 0x0000000082900000|100%| O|  |TAMS 0x0000000082900000, 0x0000000082800000| Untracked 
|  41|0x0000000082900000, 0x0000000082a00000, 0x0000000082a00000|100%| O|  |TAMS 0x0000000082a00000, 0x0000000082900000| Untracked 
|  42|0x0000000082a00000, 0x0000000082b00000, 0x0000000082b00000|100%|HS|  |TAMS 0x0000000082b00000, 0x0000000082a00000| Complete 
|  43|0x0000000082b00000, 0x0000000082c00000, 0x0000000082c00000|100%|HS|  |TAMS 0x0000000082c00000, 0x0000000082b00000| Complete 
|  44|0x0000000082c00000, 0x0000000082d00000, 0x0000000082d00000|100%|HS|  |TAMS 0x0000000082d00000, 0x0000000082c00000| Complete 
|  45|0x0000000082d00000, 0x0000000082e00000, 0x0000000082e00000|100%|HC|  |TAMS 0x0000000082e00000, 0x0000000082d00000| Complete 
|  46|0x0000000082e00000, 0x0000000082f00000, 0x0000000082f00000|100%|HS|  |TAMS 0x0000000082f00000, 0x0000000082e00000| Complete 
|  47|0x0000000082f00000, 0x0000000083000000, 0x0000000083000000|100%|HS|  |TAMS 0x0000000083000000, 0x0000000082f00000| Complete 
|  48|0x0000000083000000, 0x0000000083100000, 0x0000000083100000|100%|HC|  |TAMS 0x0000000083100000, 0x0000000083000000| Complete 
|  49|0x0000000083100000, 0x0000000083200000, 0x0000000083200000|100%|HC|  |TAMS 0x0000000083200000, 0x0000000083100000| Complete 
|  50|0x0000000083200000, 0x0000000083300000, 0x0000000083300000|100%|HC|  |TAMS 0x0000000083300000, 0x0000000083200000| Complete 
|  51|0x0000000083300000, 0x0000000083400000, 0x0000000083400000|100%| O|  |TAMS 0x0000000083400000, 0x0000000083300000| Untracked 
|  52|0x0000000083400000, 0x0000000083500000, 0x0000000083500000|100%| O|  |TAMS 0x0000000083500000, 0x0000000083400000| Untracked 
|  53|0x0000000083500000, 0x0000000083600000, 0x0000000083600000|100%| O|  |TAMS 0x0000000083600000, 0x0000000083500000| Untracked 
|  54|0x0000000083600000, 0x0000000083697600, 0x0000000083700000| 59%| O|  |TAMS 0x0000000083600000, 0x0000000083600000| Untracked 
|  55|0x0000000083700000, 0x0000000083700000, 0x0000000083800000|  0%| F|  |TAMS 0x0000000083700000, 0x0000000083700000| Untracked 
|  56|0x0000000083800000, 0x0000000083800000, 0x0000000083900000|  0%| F|  |TAMS 0x0000000083800000, 0x0000000083800000| Untracked 
|  57|0x0000000083900000, 0x0000000083900000, 0x0000000083a00000|  0%| F|  |TAMS 0x0000000083900000, 0x0000000083900000| Untracked 
|  58|0x0000000083a00000, 0x0000000083b00000, 0x0000000083b00000|100%| O|  |TAMS 0x0000000083b00000, 0x0000000083a00000| Untracked 
|  59|0x0000000083b00000, 0x0000000083c00000, 0x0000000083c00000|100%| O|  |TAMS 0x0000000083c00000, 0x0000000083b00000| Untracked 
|  60|0x0000000083c00000, 0x0000000083d00000, 0x0000000083d00000|100%| O|  |TAMS 0x0000000083cdcc00, 0x0000000083c00000| Untracked 
|  61|0x0000000083d00000, 0x0000000083d00000, 0x0000000083e00000|  0%| F|  |TAMS 0x0000000083d00000, 0x0000000083d00000| Untracked 
|  62|0x0000000083e00000, 0x0000000083e00000, 0x0000000083f00000|  0%| F|  |TAMS 0x0000000083e00000, 0x0000000083e00000| Untracked 
|  63|0x0000000083f00000, 0x0000000083f00000, 0x0000000084000000|  0%| F|  |TAMS 0x0000000083f00000, 0x0000000083f00000| Untracked 
|  64|0x0000000084000000, 0x0000000084000000, 0x0000000084100000|  0%| F|  |TAMS 0x0000000084000000, 0x0000000084000000| Untracked 
|  65|0x0000000084100000, 0x0000000084100000, 0x0000000084200000|  0%| F|  |TAMS 0x0000000084100000, 0x0000000084100000| Untracked 
|  66|0x0000000084200000, 0x0000000084200000, 0x0000000084300000|  0%| F|  |TAMS 0x0000000084200000, 0x0000000084200000| Untracked 
|  67|0x0000000084300000, 0x0000000084300000, 0x0000000084400000|  0%| F|  |TAMS 0x0000000084300000, 0x0000000084300000| Untracked 
|  68|0x0000000084400000, 0x0000000084400000, 0x0000000084500000|  0%| F|  |TAMS 0x0000000084400000, 0x0000000084400000| Untracked 
|  69|0x0000000084500000, 0x0000000084500000, 0x0000000084600000|  0%| F|  |TAMS 0x0000000084500000, 0x0000000084500000| Untracked 
|  70|0x0000000084600000, 0x0000000084600000, 0x0000000084700000|  0%| F|  |TAMS 0x0000000084600000, 0x0000000084600000| Untracked 
|  71|0x0000000084700000, 0x0000000084700000, 0x0000000084800000|  0%| F|  |TAMS 0x0000000084700000, 0x0000000084700000| Untracked 
|  72|0x0000000084800000, 0x0000000084800000, 0x0000000084900000|  0%| F|  |TAMS 0x0000000084800000, 0x0000000084800000| Untracked 
|  73|0x0000000084900000, 0x0000000084900000, 0x0000000084a00000|  0%| F|  |TAMS 0x0000000084900000, 0x0000000084900000| Untracked 
|  74|0x0000000084a00000, 0x0000000084a00000, 0x0000000084b00000|  0%| F|  |TAMS 0x0000000084a00000, 0x0000000084a00000| Untracked 
|  75|0x0000000084b00000, 0x0000000084b00000, 0x0000000084c00000|  0%| F|  |TAMS 0x0000000084b00000, 0x0000000084b00000| Untracked 
|  76|0x0000000084c00000, 0x0000000084c00000, 0x0000000084d00000|  0%| F|  |TAMS 0x0000000084c00000, 0x0000000084c00000| Untracked 
|  77|0x0000000084d00000, 0x0000000084d00000, 0x0000000084e00000|  0%| F|  |TAMS 0x0000000084d00000, 0x0000000084d00000| Untracked 
|  78|0x0000000084e00000, 0x0000000084e00000, 0x0000000084f00000|  0%| F|  |TAMS 0x0000000084e00000, 0x0000000084e00000| Untracked 
|  79|0x0000000084f00000, 0x0000000084f00000, 0x0000000085000000|  0%| F|  |TAMS 0x0000000084f00000, 0x0000000084f00000| Untracked 
|  80|0x0000000085000000, 0x0000000085000000, 0x0000000085100000|  0%| F|  |TAMS 0x0000000085000000, 0x0000000085000000| Untracked 
|  81|0x0000000085100000, 0x0000000085100000, 0x0000000085200000|  0%| F|  |TAMS 0x0000000085100000, 0x0000000085100000| Untracked 
|  82|0x0000000085200000, 0x0000000085200000, 0x0000000085300000|  0%| F|  |TAMS 0x0000000085200000, 0x0000000085200000| Untracked 
|  83|0x0000000085300000, 0x0000000085300000, 0x0000000085400000|  0%| F|  |TAMS 0x0000000085300000, 0x0000000085300000| Untracked 
|  84|0x0000000085400000, 0x0000000085400000, 0x0000000085500000|  0%| F|  |TAMS 0x0000000085400000, 0x0000000085400000| Untracked 
|  85|0x0000000085500000, 0x00000000855e9500, 0x0000000085600000| 91%| E|  |TAMS 0x0000000085500000, 0x0000000085500000| Complete 
|  86|0x0000000085600000, 0x0000000085700000, 0x0000000085700000|100%| E|CS|TAMS 0x0000000085600000, 0x0000000085600000| Complete 
|  87|0x0000000085700000, 0x0000000085800000, 0x0000000085800000|100%| E|CS|TAMS 0x0000000085700000, 0x0000000085700000| Complete 
|  88|0x0000000085800000, 0x0000000085900000, 0x0000000085900000|100%| E|CS|TAMS 0x0000000085800000, 0x0000000085800000| Complete 
|  89|0x0000000085900000, 0x0000000085a00000, 0x0000000085a00000|100%| E|CS|TAMS 0x0000000085900000, 0x0000000085900000| Complete 
|  90|0x0000000085a00000, 0x0000000085b00000, 0x0000000085b00000|100%| E|CS|TAMS 0x0000000085a00000, 0x0000000085a00000| Complete 
|  91|0x0000000085b00000, 0x0000000085c00000, 0x0000000085c00000|100%| E|CS|TAMS 0x0000000085b00000, 0x0000000085b00000| Complete 
|  92|0x0000000085c00000, 0x0000000085d00000, 0x0000000085d00000|100%| E|CS|TAMS 0x0000000085c00000, 0x0000000085c00000| Complete 
|  93|0x0000000085d00000, 0x0000000085e00000, 0x0000000085e00000|100%| E|CS|TAMS 0x0000000085d00000, 0x0000000085d00000| Complete 
|  94|0x0000000085e00000, 0x0000000085f00000, 0x0000000085f00000|100%| E|CS|TAMS 0x0000000085e00000, 0x0000000085e00000| Complete 
|  95|0x0000000085f00000, 0x0000000085f3ee90, 0x0000000086000000| 24%| S|CS|TAMS 0x0000000085f00000, 0x0000000085f00000| Complete 
|  96|0x0000000086000000, 0x0000000086100000, 0x0000000086100000|100%| E|CS|TAMS 0x0000000086000000, 0x0000000086000000| Complete 
| 123|0x0000000087b00000, 0x0000000087c00000, 0x0000000087c00000|100%| E|CS|TAMS 0x0000000087b00000, 0x0000000087b00000| Complete 
|2047|0x00000000fff00000, 0x0000000100000000, 0x0000000100000000|100%| O|  |TAMS 0x0000000100000000, 0x00000000fff00000| Untracked 

Card table byte_map: [0x00000145792b0000,0x00000145796b0000] _byte_map_base: 0x0000014578eb0000

Marking Bits (Prev, Next): (CMBitMap*) 0x0000014575724ef0, (CMBitMap*) 0x0000014575724eb0
 Prev Bits: [0x000001457bab0000, 0x000001457dab0000)
 Next Bits: [0x0000014579ab0000, 0x000001457bab0000)

Polling page: 0x00000145735d0000

Metaspace:

Usage:
  Non-class:     62.64 MB used.
      Class:     10.03 MB used.
       Both:     72.67 MB used.

Virtual space:
  Non-class space:       64.00 MB reserved,      62.94 MB ( 98%) committed,  8 nodes.
      Class space:        1.00 GB reserved,      10.31 MB (  1%) committed,  1 nodes.
             Both:        1.06 GB reserved,      73.25 MB (  7%) committed. 

Chunk freelists:
   Non-Class:  800.00 KB
       Class:  1.66 MB
        Both:  2.44 MB

MaxMetaspaceSize: unlimited
CompressedClassSpaceSize: 1.00 GB
Initial GC threshold: 21.00 MB
Current GC threshold: 113.88 MB
CDS: off
MetaspaceReclaimPolicy: balanced
 - commit_granule_bytes: 65536.
 - commit_granule_words: 8192.
 - virtual_space_node_default_size: 1048576.
 - enlarge_chunks_in_place: 1.
 - new_chunks_are_fully_committed: 0.
 - uncommit_free_chunks: 1.
 - use_allocation_guard: 0.
 - handle_deallocations: 1.


Internal statistics:

num_allocs_failed_limit: 9.
num_arena_births: 780.
num_arena_deaths: 0.
num_vsnodes_births: 9.
num_vsnodes_deaths: 0.
num_space_committed: 1172.
num_space_uncommitted: 0.
num_chunks_returned_to_freelist: 9.
num_chunks_taken_from_freelist: 3101.
num_chunk_merges: 6.
num_chunk_splits: 2109.
num_chunks_enlarged: 1488.
num_purges: 0.
num_inconsistent_stats: 0.

CodeHeap 'non-profiled nmethods': size=120000Kb used=2746Kb max_used=3007Kb free=117253Kb
 bounds [0x0000014507ad0000, 0x0000014507dc0000, 0x000001450f000000]
CodeHeap 'profiled nmethods': size=120000Kb used=11137Kb max_used=12009Kb free=108862Kb
 bounds [0x0000014500000000, 0x0000014500bc0000, 0x0000014507530000]
CodeHeap 'non-nmethods': size=5760Kb used=2412Kb max_used=2446Kb free=3348Kb
 bounds [0x0000014507530000, 0x00000145077a0000, 0x0000014507ad0000]
 total_blobs=7004 nmethods=6070 adapters=846
 compilation: enabled
              stopped_count=0, restarted_count=0
 full_count=0

Compilation events (20 events):
Event: 22.739 Thread 0x00000145100520e0 6993       3       com.sun.jmx.mbeanserver.MBeanAnalyzer$MethodOrder::compare (13 bytes)
Event: 22.739 Thread 0x00000145100520e0 nmethod 6993 0x00000145004bb490 code [0x00000145004bb640, 0x00000145004bb968]
Event: 22.739 Thread 0x00000145100520e0 6994       3       com.sun.jmx.mbeanserver.MBeanAnalyzer$MethodOrder::compare (106 bytes)
Event: 22.739 Thread 0x00000145100520e0 nmethod 6994 0x0000014500753c90 code [0x0000014500753f00, 0x0000014500754818]
Event: 22.750 Thread 0x00000145100520e0 6995       3       java.lang.reflect.Method::hashCode (19 bytes)
Event: 22.750 Thread 0x00000145100520e0 nmethod 6995 0x00000145004bac90 code [0x00000145004bae60, 0x00000145004bb108]
Event: 22.783 Thread 0x00000145100520e0 6997       3       java.lang.invoke.DirectMethodHandle$Holder::invokeStatic (17 bytes)
Event: 22.784 Thread 0x00000145100520e0 nmethod 6997 0x0000014500753490 code [0x0000014500753660, 0x0000014500753b38]
Event: 22.784 Thread 0x00000145100520e0 6998       1       javax.management.MBeanFeatureInfo::getDescription (5 bytes)
Event: 22.784 Thread 0x00000145100520e0 nmethod 6998 0x0000014507c7b290 code [0x0000014507c7b420, 0x0000014507c7b4f8]
Event: 22.784 Thread 0x00000145100520e0 6996       1       javax.management.openmbean.OpenType::getClassName (5 bytes)
Event: 22.784 Thread 0x00000145100520e0 nmethod 6996 0x0000014507c7ae10 code [0x0000014507c7afa0, 0x0000014507c7b078]
Event: 22.784 Thread 0x00000145100520e0 6999       3       java.util.stream.AbstractPipeline::close (48 bytes)
Event: 22.784 Thread 0x00000145100520e0 nmethod 6999 0x0000014500752f10 code [0x00000145007530c0, 0x0000014500753368]
Event: 22.798 Thread 0x00000145100520e0 7000       3       java.util.TreeMap::<init> (20 bytes)
Event: 22.798 Thread 0x00000145100520e0 nmethod 7000 0x0000014500752790 code [0x0000014500752940, 0x0000014500752b78]
Event: 22.798 Thread 0x00000145100520e0 7001       1       com.sun.jmx.mbeanserver.MXBeanMapping::getOpenType (5 bytes)
Event: 22.798 Thread 0x00000145100520e0 nmethod 7001 0x0000014507b16510 code [0x0000014507b166a0, 0x0000014507b16778]
Event: 22.800 Thread 0x00000145100520e0 7002       3       javax.management.ObjectName::addProperty (80 bytes)
Event: 22.800 Thread 0x00000145100520e0 nmethod 7002 0x0000014500030d90 code [0x0000014500030fa0, 0x0000014500031768]

GC Heap History (20 events):
Event: 9.993 GC heap before
{Heap before GC invocations=11 (full 0):
 garbage-first heap   total 86016K, used 64772K [0x0000000080000000, 0x0000000100000000)
  region size 1024K, 36 young (36864K), 4 survivors (4096K)
 Metaspace       used 50208K, committed 50688K, reserved 1097728K
  class space    used 6714K, committed 6912K, reserved 1048576K
}
Event: 10.008 GC heap after
{Heap after GC invocations=12 (full 0):
 garbage-first heap   total 86016K, used 33647K [0x0000000080000000, 0x0000000100000000)
  region size 1024K, 4 young (4096K), 4 survivors (4096K)
 Metaspace       used 50208K, committed 50688K, reserved 1097728K
  class space    used 6714K, committed 6912K, reserved 1048576K
}
Event: 12.057 GC heap before
{Heap before GC invocations=12 (full 0):
 garbage-first heap   total 86016K, used 65391K [0x0000000080000000, 0x0000000100000000)
  region size 1024K, 35 young (35840K), 4 survivors (4096K)
 Metaspace       used 54863K, committed 55424K, reserved 1097728K
  class space    used 7284K, committed 7552K, reserved 1048576K
}
Event: 12.067 GC heap after
{Heap after GC invocations=13 (full 0):
 garbage-first heap   total 86016K, used 36976K [0x0000000080000000, 0x0000000100000000)
  region size 1024K, 5 young (5120K), 5 survivors (5120K)
 Metaspace       used 54863K, committed 55424K, reserved 1097728K
  class space    used 7284K, committed 7552K, reserved 1048576K
}
Event: 17.264 GC heap before
{Heap before GC invocations=13 (full 0):
 garbage-first heap   total 86016K, used 53360K [0x0000000080000000, 0x0000000100000000)
  region size 1024K, 22 young (22528K), 5 survivors (5120K)
 Metaspace       used 59678K, committed 60160K, reserved 1105920K
  class space    used 7925K, committed 8128K, reserved 1048576K
}
Event: 17.292 GC heap after
{Heap after GC invocations=14 (full 0):
 garbage-first heap   total 86016K, used 39342K [0x0000000080000000, 0x0000000100000000)
  region size 1024K, 3 young (3072K), 3 survivors (3072K)
 Metaspace       used 59678K, committed 60160K, reserved 1105920K
  class space    used 7925K, committed 8128K, reserved 1048576K
}
Event: 18.968 GC heap before
{Heap before GC invocations=15 (full 0):
 garbage-first heap   total 86016K, used 64942K [0x0000000080000000, 0x0000000100000000)
  region size 1024K, 29 young (29696K), 3 survivors (3072K)
 Metaspace       used 60625K, committed 61120K, reserved 1105920K
  class space    used 8050K, committed 8320K, reserved 1048576K
}
Event: 18.977 GC heap after
{Heap after GC invocations=16 (full 0):
 garbage-first heap   total 86016K, used 41208K [0x0000000080000000, 0x0000000100000000)
  region size 1024K, 4 young (4096K), 4 survivors (4096K)
 Metaspace       used 60625K, committed 61120K, reserved 1105920K
  class space    used 8050K, committed 8320K, reserved 1048576K
}
Event: 19.878 GC heap before
{Heap before GC invocations=16 (full 0):
 garbage-first heap   total 86016K, used 57592K [0x0000000080000000, 0x0000000100000000)
  region size 1024K, 22 young (22528K), 4 survivors (4096K)
 Metaspace       used 64802K, committed 65408K, reserved 1105920K
  class space    used 9047K, committed 9344K, reserved 1048576K
}
Event: 19.888 GC heap after
{Heap after GC invocations=17 (full 0):
 garbage-first heap   total 86016K, used 42296K [0x0000000080000000, 0x0000000100000000)
  region size 1024K, 2 young (2048K), 2 survivors (2048K)
 Metaspace       used 64802K, committed 65408K, reserved 1105920K
  class space    used 9047K, committed 9344K, reserved 1048576K
}
Event: 20.815 GC heap before
{Heap before GC invocations=18 (full 0):
 garbage-first heap   total 86016K, used 76088K [0x0000000080000000, 0x0000000100000000)
  region size 1024K, 26 young (26624K), 2 survivors (2048K)
 Metaspace       used 66915K, committed 67520K, reserved 1114112K
  class space    used 9344K, committed 9600K, reserved 1048576K
}
Event: 20.819 GC heap after
{Heap after GC invocations=19 (full 0):
 garbage-first heap   total 87040K, used 58342K [0x0000000080000000, 0x0000000100000000)
  region size 1024K, 4 young (4096K), 4 survivors (4096K)
 Metaspace       used 66915K, committed 67520K, reserved 1114112K
  class space    used 9344K, committed 9600K, reserved 1048576K
}
Event: 20.864 GC heap before
{Heap before GC invocations=19 (full 0):
 garbage-first heap   total 87040K, used 59366K [0x0000000080000000, 0x0000000100000000)
  region size 1024K, 5 young (5120K), 4 survivors (4096K)
 Metaspace       used 67053K, committed 67712K, reserved 1114112K
  class space    used 9366K, committed 9664K, reserved 1048576K
}
Event: 20.867 GC heap after
{Heap after GC invocations=20 (full 0):
 garbage-first heap   total 87040K, used 58404K [0x0000000080000000, 0x0000000100000000)
  region size 1024K, 1 young (1024K), 1 survivors (1024K)
 Metaspace       used 67053K, committed 67712K, reserved 1114112K
  class space    used 9366K, committed 9664K, reserved 1048576K
}
Event: 21.497 GC heap before
{Heap before GC invocations=20 (full 0):
 garbage-first heap   total 87040K, used 72740K [0x0000000080000000, 0x0000000100000000)
  region size 1024K, 15 young (15360K), 1 survivors (1024K)
 Metaspace       used 69338K, committed 69888K, reserved 1114112K
  class space    used 9628K, committed 9920K, reserved 1048576K
}
Event: 21.501 GC heap after
{Heap after GC invocations=21 (full 0):
 garbage-first heap   total 87040K, used 58815K [0x0000000080000000, 0x0000000100000000)
  region size 1024K, 1 young (1024K), 1 survivors (1024K)
 Metaspace       used 69338K, committed 69888K, reserved 1114112K
  class space    used 9628K, committed 9920K, reserved 1048576K
}
Event: 22.027 GC heap before
{Heap before GC invocations=22 (full 0):
 garbage-first heap   total 101376K, used 72127K [0x0000000080000000, 0x0000000100000000)
  region size 1024K, 15 young (15360K), 1 survivors (1024K)
 Metaspace       used 71760K, committed 72320K, reserved 1114112K
  class space    used 9894K, committed 10112K, reserved 1048576K
}
Event: 22.030 GC heap after
{Heap after GC invocations=23 (full 0):
 garbage-first heap   total 101376K, used 59502K [0x0000000080000000, 0x0000000100000000)
  region size 1024K, 2 young (2048K), 2 survivors (2048K)
 Metaspace       used 71760K, committed 72320K, reserved 1114112K
  class space    used 9894K, committed 10112K, reserved 1048576K
}
Event: 22.145 GC heap before
{Heap before GC invocations=23 (full 0):
 garbage-first heap   total 101376K, used 60526K [0x0000000080000000, 0x0000000100000000)
  region size 1024K, 4 young (4096K), 2 survivors (2048K)
 Metaspace       used 72013K, committed 72576K, reserved 1114112K
  class space    used 9926K, committed 10176K, reserved 1048576K
}
Event: 22.149 GC heap after
{Heap after GC invocations=24 (full 0):
 garbage-first heap   total 101376K, used 59225K [0x0000000080000000, 0x0000000100000000)
  region size 1024K, 1 young (1024K), 1 survivors (1024K)
 Metaspace       used 72013K, committed 72576K, reserved 1114112K
  class space    used 9926K, committed 10176K, reserved 1048576K
}

Dll operation events (2 events):
Event: 0.016 Loaded shared library C:\Program Files\Android\Android Studio\jbr\bin\java.dll
Event: 0.743 Loaded shared library C:\Program Files\Android\Android Studio\jbr\bin\verify.dll

Deoptimization events (20 events):
Event: 22.216 Thread 0x0000014511a9a390 DEOPT PACKING pc=0x0000014507bf7e3c sp=0x0000004225ef7650
Event: 22.216 Thread 0x0000014511a9a390 DEOPT UNPACKING pc=0x000001450758a1a3 sp=0x0000004225ef75e0 mode 2
Event: 22.696 Thread 0x0000014511a9a390 Uncommon trap: trap_request=0xffffffbe fr.pc=0x0000014507cd0fa4 relative=0x0000000000000764
Event: 22.696 Thread 0x0000014511a9a390 Uncommon trap: reason=profile_predicate action=maybe_recompile pc=0x0000014507cd0fa4 method=java.lang.PublicMethods$MethodList.filter([Ljava/lang/reflect/Method;Ljava/lang/String;[Ljava/lang/Class;Z)Ljava/lang/PublicMethods$MethodList; @ 21 c2
Event: 22.696 Thread 0x0000014511a9a390 DEOPT PACKING pc=0x0000014507cd0fa4 sp=0x0000004225ef3d30
Event: 22.696 Thread 0x0000014511a9a390 DEOPT UNPACKING pc=0x000001450758a1a3 sp=0x0000004225ef3ce8 mode 2
Event: 22.696 Thread 0x0000014511a9a390 Uncommon trap: trap_request=0xffffffbe fr.pc=0x0000014507cd0fa4 relative=0x0000000000000764
Event: 22.696 Thread 0x0000014511a9a390 Uncommon trap: reason=profile_predicate action=maybe_recompile pc=0x0000014507cd0fa4 method=java.lang.PublicMethods$MethodList.filter([Ljava/lang/reflect/Method;Ljava/lang/String;[Ljava/lang/Class;Z)Ljava/lang/PublicMethods$MethodList; @ 21 c2
Event: 22.696 Thread 0x0000014511a9a390 DEOPT PACKING pc=0x0000014507cd0fa4 sp=0x0000004225ef3d30
Event: 22.696 Thread 0x0000014511a9a390 DEOPT UNPACKING pc=0x000001450758a1a3 sp=0x0000004225ef3ce8 mode 2
Event: 22.697 Thread 0x0000014511a9a390 Uncommon trap: trap_request=0xffffffbe fr.pc=0x0000014507cd0fa4 relative=0x0000000000000764
Event: 22.697 Thread 0x0000014511a9a390 Uncommon trap: reason=profile_predicate action=maybe_recompile pc=0x0000014507cd0fa4 method=java.lang.PublicMethods$MethodList.filter([Ljava/lang/reflect/Method;Ljava/lang/String;[Ljava/lang/Class;Z)Ljava/lang/PublicMethods$MethodList; @ 21 c2
Event: 22.697 Thread 0x0000014511a9a390 DEOPT PACKING pc=0x0000014507cd0fa4 sp=0x0000004225ef3d30
Event: 22.697 Thread 0x0000014511a9a390 DEOPT UNPACKING pc=0x000001450758a1a3 sp=0x0000004225ef3ce8 mode 2
Event: 22.697 Thread 0x0000014511a9a390 Uncommon trap: trap_request=0xffffffbe fr.pc=0x0000014507cd0fa4 relative=0x0000000000000764
Event: 22.697 Thread 0x0000014511a9a390 Uncommon trap: reason=profile_predicate action=maybe_recompile pc=0x0000014507cd0fa4 method=java.lang.PublicMethods$MethodList.filter([Ljava/lang/reflect/Method;Ljava/lang/String;[Ljava/lang/Class;Z)Ljava/lang/PublicMethods$MethodList; @ 21 c2
Event: 22.697 Thread 0x0000014511a9a390 DEOPT PACKING pc=0x0000014507cd0fa4 sp=0x0000004225ef3d30
Event: 22.697 Thread 0x0000014511a9a390 DEOPT UNPACKING pc=0x000001450758a1a3 sp=0x0000004225ef3ce8 mode 2
Event: 22.783 Thread 0x0000014511a9a390 DEOPT PACKING pc=0x00000145009ade17 sp=0x0000004225ef36e0
Event: 22.783 Thread 0x0000014511a9a390 DEOPT UNPACKING pc=0x000001450758ace3 sp=0x0000004225ef2ba8 mode 0

Classes unloaded (0 events):
No events

Classes redefined (0 events):
No events

Internal exceptions (20 events):
Event: 19.025 Thread 0x0000014511a9a390 Exception <a 'java/lang/NoSuchMethodError'{0x0000000087bfb960}: 'int java.lang.invoke.DelegatingMethodHandle$Holder.reinvoke_L(java.lang.Object, java.lang.Object, java.lang.Object, long, long, long)'> (0x0000000087bfb960) 
thrown [s\src\hotspot\share\interpreter\linkResolver.cpp, line 771]
Event: 19.030 Thread 0x0000014511a9a390 Exception <a 'java/lang/NoSuchMethodError'{0x000000008520beb8}: 'int java.lang.invoke.DelegatingMethodHandle$Holder.reinvoke_L(java.lang.Object, java.lang.Object, java.lang.Object, long, java.lang.Object, java.lang.Object)'> (0x000000008520beb8) 
thrown [s\src\hotspot\share\interpreter\linkResolver.cpp, line 771]
Event: 19.032 Thread 0x0000014511a9a390 Exception <a 'java/lang/NoSuchMethodError'{0x000000008521bbd8}: 'void java.lang.invoke.DelegatingMethodHandle$Holder.reinvoke_L(java.lang.Object, java.lang.Object, java.lang.Object, long, java.lang.Object)'> (0x000000008521bbd8) 
thrown [s\src\hotspot\share\interpreter\linkResolver.cpp, line 771]
Event: 19.033 Thread 0x0000014511a9a390 Exception <a 'java/lang/NoSuchMethodError'{0x0000000085224260}: 'java.lang.Object java.lang.invoke.DirectMethodHandle$Holder.invokeSpecial(java.lang.Object, java.lang.Object, java.lang.Object, java.lang.Object, long)'> (0x0000000085224260) 
thrown [s\src\hotspot\share\interpreter\linkResolver.cpp, line 771]
Event: 19.038 Thread 0x0000014511a9a390 Exception <a 'java/lang/NoSuchMethodError'{0x0000000085248d58}: 'long java.lang.invoke.Invokers$Holder.invoke_MT(java.lang.Object, java.lang.Object, java.lang.Object, java.lang.Object)'> (0x0000000085248d58) 
thrown [s\src\hotspot\share\interpreter\linkResolver.cpp, line 771]
Event: 19.039 Thread 0x0000014511a9a390 Exception <a 'java/lang/NoSuchMethodError'{0x0000000085251e58}: 'int java.lang.invoke.Invokers$Holder.invoke_MT(java.lang.Object, java.lang.Object, java.lang.Object, java.lang.Object)'> (0x0000000085251e58) 
thrown [s\src\hotspot\share\interpreter\linkResolver.cpp, line 771]
Event: 19.041 Thread 0x0000014511a9a390 Exception <a 'java/lang/NoSuchMethodError'{0x00000000852630f8}: 'int java.lang.invoke.DelegatingMethodHandle$Holder.reinvoke_L(java.lang.Object, java.lang.Object, java.lang.Object, long, int)'> (0x00000000852630f8) 
thrown [s\src\hotspot\share\interpreter\linkResolver.cpp, line 771]
Event: 19.044 Thread 0x0000014511a9a390 Exception <a 'java/lang/NoSuchMethodError'{0x0000000085276518}: 'java.lang.Object java.lang.invoke.Invokers$Holder.invokeExact_MT(java.lang.Object, java.lang.Object, long, java.lang.Object)'> (0x0000000085276518) 
thrown [s\src\hotspot\share\interpreter\linkResolver.cpp, line 771]
Event: 19.774 Thread 0x00000145141857a0 Exception <a 'sun/nio/fs/WindowsException'{0x0000000084354890}> (0x0000000084354890) 
thrown [s\src\hotspot\share\prims\jni.cpp, line 517]
Event: 19.848 Thread 0x00000145141857a0 Exception <a 'sun/nio/fs/WindowsException'{0x00000000842a4630}> (0x00000000842a4630) 
thrown [s\src\hotspot\share\prims\jni.cpp, line 517]
Event: 19.852 Thread 0x00000145141857a0 Exception <a 'sun/nio/fs/WindowsException'{0x00000000842a4840}> (0x00000000842a4840) 
thrown [s\src\hotspot\share\prims\jni.cpp, line 517]
Event: 19.873 Thread 0x0000014511a9a390 Implicit null exception at 0x0000014507d1d312 to 0x0000014507d1d9f0
Event: 20.330 Thread 0x0000014511a9a390 Exception <a 'java/lang/ClassNotFoundException'{0x0000000084b9fba8}: org/gradle/api/internal/plugins/DefaultObjectConfigurationActionBeanInfo> (0x0000000084b9fba8) 
thrown [s\src\hotspot\share\classfile\systemDictionary.cpp, line 256]
Event: 20.332 Thread 0x0000014511a9a390 Exception <a 'java/lang/ClassNotFoundException'{0x0000000084bb3900}: org/gradle/api/internal/plugins/DefaultObjectConfigurationActionCustomizer> (0x0000000084bb3900) 
thrown [s\src\hotspot\share\classfile\systemDictionary.cpp, line 256]
Event: 20.669 Thread 0x0000014511a9a390 Exception <a 'java/lang/NoSuchMethodError'{0x0000000083e87170}: 'java.lang.Object java.lang.invoke.DirectMethodHandle$Holder.newInvokeSpecial(java.lang.Object, java.lang.Object, java.lang.Object, java.lang.Object, int)'> (0x0000000083e87170) 
thrown [s\src\hotspot\share\interpreter\linkResolver.cpp, line 771]
Event: 20.670 Thread 0x0000014511a9a390 Exception <a 'java/lang/NoSuchMethodError'{0x0000000083e8c5b8}: 'java.lang.Object java.lang.invoke.DirectMethodHandle$Holder.invokeSpecial(java.lang.Object, java.lang.Object, java.lang.Object, java.lang.Object, java.lang.Object, int)'> (0x0000000083e8c5b8) 
thrown [s\src\hotspot\share\interpreter\linkResolver.cpp, line 771]
Event: 20.670 Thread 0x0000014511a9a390 Exception <a 'java/lang/NoSuchMethodError'{0x0000000083e91338}: 'java.lang.Object java.lang.invoke.Invokers$Holder.linkToTargetMethod(java.lang.Object, java.lang.Object, java.lang.Object, int, java.lang.Object)'> (0x0000000083e91338) 
thrown [s\src\hotspot\share\interpreter\linkResolver.cpp, line 771]
Event: 21.160 Thread 0x0000014511a9a390 Exception <a 'java/lang/NoSuchMethodError'{0x0000000084b4b0e8}: 'int java.lang.invoke.DirectMethodHandle$Holder.invokeInterface(java.lang.Object, java.lang.Object, java.lang.Object, java.lang.Object)'> (0x0000000084b4b0e8) 
thrown [s\src\hotspot\share\interpreter\linkResolver.cpp, line 771]
Event: 21.580 Thread 0x000001451001e3f0 Implicit null exception at 0x0000014507d30383 to 0x0000014507d30548
Event: 22.717 Thread 0x0000014511a9a390 Exception <a 'java/lang/IncompatibleClassChangeError'{0x0000000085745190}: Found class java.lang.Object, but interface was expected> (0x0000000085745190) 
thrown [s\src\hotspot\share\interpreter\linkResolver.cpp, line 838]

VM Operations (20 events):
Event: 19.954 Executing VM operation: G1Concurrent
Event: 19.955 Executing VM operation: G1Concurrent done
Event: 20.815 Executing VM operation: G1CollectForAllocation
Event: 20.819 Executing VM operation: G1CollectForAllocation done
Event: 20.863 Executing VM operation: G1CollectForAllocation
Event: 20.867 Executing VM operation: G1CollectForAllocation done
Event: 21.148 Executing VM operation: HandshakeAllThreads
Event: 21.148 Executing VM operation: HandshakeAllThreads done
Event: 21.159 Executing VM operation: HandshakeAllThreads
Event: 21.159 Executing VM operation: HandshakeAllThreads done
Event: 21.497 Executing VM operation: G1CollectForAllocation
Event: 21.501 Executing VM operation: G1CollectForAllocation done
Event: 21.548 Executing VM operation: G1Concurrent
Event: 21.575 Executing VM operation: G1Concurrent done
Event: 21.596 Executing VM operation: G1Concurrent
Event: 21.596 Executing VM operation: G1Concurrent done
Event: 22.027 Executing VM operation: G1CollectForAllocation
Event: 22.030 Executing VM operation: G1CollectForAllocation done
Event: 22.145 Executing VM operation: G1CollectForAllocation
Event: 22.149 Executing VM operation: G1CollectForAllocation done

Events (20 events):
Event: 22.765 loading class com/sun/jmx/mbeanserver/DefaultMXBeanMappingFactory$ArrayMapping
Event: 22.781 loading class com/sun/jmx/mbeanserver/DefaultMXBeanMappingFactory$ArrayMapping done
Event: 22.781 loading class com/sun/jmx/mbeanserver/DefaultMXBeanMappingFactory$EnumMapping
Event: 22.781 loading class com/sun/jmx/mbeanserver/DefaultMXBeanMappingFactory$EnumMapping done
Event: 22.782 loading class javax/management/MBeanParameterInfo
Event: 22.782 loading class javax/management/MBeanParameterInfo done
Event: 22.783 loading class com/sun/jmx/mbeanserver/PerInterface$MethodAndSig
Event: 22.783 loading class com/sun/jmx/mbeanserver/PerInterface$MethodAndSig done
Event: 22.783 loading class com/sun/management/internal/OperatingSystemImpl
Event: 22.784 loading class com/sun/management/OperatingSystemMXBean
Event: 22.784 loading class java/lang/management/OperatingSystemMXBean
Event: 22.784 loading class java/lang/management/OperatingSystemMXBean done
Event: 22.784 loading class com/sun/management/OperatingSystemMXBean done
Event: 22.784 loading class sun/management/BaseOperatingSystemImpl
Event: 22.784 loading class sun/management/BaseOperatingSystemImpl done
Event: 22.784 loading class com/sun/management/internal/OperatingSystemImpl done
Event: 22.798 loading class javax/management/DescriptorKey
Event: 22.798 loading class javax/management/DescriptorKey done
Event: 22.800 loading class java/util/HashMap$EntrySpliterator
Event: 22.803 loading class java/util/HashMap$EntrySpliterator done


Dynamic libraries:
0x00007ff700890000 - 0x00007ff70089a000 	C:\Program Files\Android\Android Studio\jbr\bin\java.exe
0x00007ff9496d0000 - 0x00007ff9498e7000 	C:\WINDOWS\SYSTEM32\ntdll.dll
0x00007ff948680000 - 0x00007ff948744000 	C:\WINDOWS\System32\KERNEL32.DLL
0x00007ff946cd0000 - 0x00007ff947076000 	C:\WINDOWS\System32\KERNELBASE.dll
0x00007ff946a50000 - 0x00007ff946b61000 	C:\WINDOWS\System32\ucrtbase.dll
0x00007ff932390000 - 0x00007ff9323ab000 	C:\Program Files\Android\Android Studio\jbr\bin\VCRUNTIME140.dll
0x00007ff8fe0d0000 - 0x00007ff8fe0e7000 	C:\Program Files\Android\Android Studio\jbr\bin\jli.dll
0x00007ff948750000 - 0x00007ff9488fd000 	C:\WINDOWS\System32\USER32.dll
0x00007ff947390000 - 0x00007ff9473b6000 	C:\WINDOWS\System32\win32u.dll
0x00007ff9475c0000 - 0x00007ff9475e9000 	C:\WINDOWS\System32\GDI32.dll
0x00007ff9317e0000 - 0x00007ff931a73000 	C:\WINDOWS\WinSxS\amd64_microsoft.windows.common-controls_6595b64144ccf1df_6.0.22621.2361_none_2712ced57382f843\COMCTL32.dll
0x00007ff947080000 - 0x00007ff947198000 	C:\WINDOWS\System32\gdi32full.dll
0x00007ff947510000 - 0x00007ff9475b7000 	C:\WINDOWS\System32\msvcrt.dll
0x00007ff946c30000 - 0x00007ff946cca000 	C:\WINDOWS\System32\msvcp_win.dll
0x00007ff948620000 - 0x00007ff948651000 	C:\WINDOWS\System32\IMM32.DLL
0x0000000074920000 - 0x000000007492c000 	C:\Program Files (x86)\360\Total Security\safemon\SafeWrapper.dll
0x00007ff9476b0000 - 0x00007ff947760000 	C:\WINDOWS\System32\ADVAPI32.dll
0x00007ff947b10000 - 0x00007ff947bb6000 	C:\WINDOWS\System32\sechost.dll
0x00007ff949470000 - 0x00007ff949587000 	C:\WINDOWS\System32\RPCRT4.dll
0x00007ff92fdf0000 - 0x00007ff92fe82000 	C:\Program Files (x86)\360\Total Security\safemon\libzdtp64.dll
0x00007ff948a00000 - 0x00007ff949258000 	C:\WINDOWS\System32\SHELL32.dll
0x00007ff9482f0000 - 0x00007ff94834e000 	C:\WINDOWS\System32\SHLWAPI.dll
0x00007ff9464e0000 - 0x00007ff9464ea000 	C:\WINDOWS\SYSTEM32\VERSION.dll
0x00007ff9404d0000 - 0x00007ff9404dc000 	C:\Program Files\Android\Android Studio\jbr\bin\vcruntime140_1.dll
0x00007ff92f730000 - 0x00007ff92f7bd000 	C:\Program Files\Android\Android Studio\jbr\bin\msvcp140.dll
0x00007ff8fe5b0000 - 0x00007ff8ff21e000 	C:\Program Files\Android\Android Studio\jbr\bin\server\jvm.dll
0x00007ff9010f0000 - 0x00007ff9010f9000 	C:\WINDOWS\SYSTEM32\WSOCK32.dll
0x00007ff93f350000 - 0x00007ff93f384000 	C:\WINDOWS\SYSTEM32\WINMM.dll
0x00007ff9483e0000 - 0x00007ff948451000 	C:\WINDOWS\System32\WS2_32.dll
0x00007ff945a90000 - 0x00007ff945aa8000 	C:\WINDOWS\SYSTEM32\kernel.appcore.dll
0x00007ff8fe570000 - 0x00007ff8fe57a000 	C:\Program Files\Android\Android Studio\jbr\bin\jimage.dll
0x00007ff944280000 - 0x00007ff9444ae000 	C:\WINDOWS\SYSTEM32\DBGHELP.DLL
0x00007ff947780000 - 0x00007ff947b0a000 	C:\WINDOWS\System32\combase.dll
0x00007ff947430000 - 0x00007ff947507000 	C:\WINDOWS\System32\OLEAUT32.dll
0x00007ff92f0d0000 - 0x00007ff92f102000 	C:\WINDOWS\SYSTEM32\dbgcore.DLL
0x00007ff947310000 - 0x00007ff94738a000 	C:\WINDOWS\System32\bcryptPrimitives.dll
0x00007ff8fe540000 - 0x00007ff8fe565000 	C:\Program Files\Android\Android Studio\jbr\bin\java.dll
0x00007ff8fe520000 - 0x00007ff8fe538000 	C:\Program Files\Android\Android Studio\jbr\bin\zip.dll
0x00007ff944940000 - 0x00007ff945232000 	C:\WINDOWS\SYSTEM32\windows.storage.dll
0x00007ff944800000 - 0x00007ff94493e000 	C:\WINDOWS\SYSTEM32\wintypes.dll
0x00007ff949590000 - 0x00007ff949683000 	C:\WINDOWS\System32\SHCORE.dll
0x00007ff946980000 - 0x00007ff9469a6000 	C:\WINDOWS\SYSTEM32\profapi.dll
0x00007ff8fe500000 - 0x00007ff8fe519000 	C:\Program Files\Android\Android Studio\jbr\bin\net.dll
0x00007ff93edc0000 - 0x00007ff93eef7000 	C:\WINDOWS\SYSTEM32\WINHTTP.dll
0x00007ff945f90000 - 0x00007ff945ff9000 	C:\WINDOWS\system32\mswsock.dll
0x00007ff8fe4e0000 - 0x00007ff8fe4f6000 	C:\Program Files\Android\Android Studio\jbr\bin\nio.dll
0x00007ff8fe2a0000 - 0x00007ff8fe2b0000 	C:\Program Files\Android\Android Studio\jbr\bin\verify.dll
0x00007ff92d450000 - 0x00007ff92d477000 	C:\Users\jonat\.gradle\native\68d5fa5c4cc2d200863cafc0d521ce42e7d3e7ee720ec0a83991735586a16f82\windows-amd64\native-platform.dll
0x00007ff9053f0000 - 0x00007ff905534000 	C:\Users\jonat\.gradle\native\e376f236ea51e6404a007f0833ffe2c6e607c4080706a723a18a27aeea778392\windows-amd64\native-platform-file-events.dll
0x00007ff8fe250000 - 0x00007ff8fe259000 	C:\Program Files\Android\Android Studio\jbr\bin\management.dll
0x00007ff8fe240000 - 0x00007ff8fe24b000 	C:\Program Files\Android\Android Studio\jbr\bin\management_ext.dll
0x00007ff949410000 - 0x00007ff949418000 	C:\WINDOWS\System32\PSAPI.DLL
0x00007ff9461f0000 - 0x00007ff94620b000 	C:\WINDOWS\SYSTEM32\CRYPTSP.dll
0x00007ff9459f0000 - 0x00007ff945a25000 	C:\WINDOWS\system32\rsaenh.dll
0x00007ff946080000 - 0x00007ff9460ac000 	C:\WINDOWS\SYSTEM32\USERENV.dll
0x00007ff9463a0000 - 0x00007ff9463c8000 	C:\WINDOWS\SYSTEM32\bcrypt.dll
0x00007ff9461e0000 - 0x00007ff9461ec000 	C:\WINDOWS\SYSTEM32\CRYPTBASE.dll
0x00007ff9454a0000 - 0x00007ff9454cd000 	C:\WINDOWS\SYSTEM32\IPHLPAPI.DLL
0x00007ff9482d0000 - 0x00007ff9482d9000 	C:\WINDOWS\System32\NSI.dll
0x00007ff93f160000 - 0x00007ff93f179000 	C:\WINDOWS\SYSTEM32\dhcpcsvc6.DLL
0x00007ff93ef20000 - 0x00007ff93ef3f000 	C:\WINDOWS\SYSTEM32\dhcpcsvc.DLL
0x00007ff945510000 - 0x00007ff945609000 	C:\WINDOWS\SYSTEM32\DNSAPI.dll
0x00007ff8fe100000 - 0x00007ff8fe108000 	C:\WINDOWS\system32\wshunix.dll
0x00007ff938e30000 - 0x00007ff938e3a000 	C:\Windows\System32\rasadhlp.dll
0x00007ff93db40000 - 0x00007ff93dbc4000 	C:\WINDOWS\System32\fwpuclnt.dll

dbghelp: loaded successfully - version: 4.0.5 - missing functions: none
symbol engine: initialized successfully - sym options: 0x614 - pdb path: .;C:\Program Files\Android\Android Studio\jbr\bin;C:\WINDOWS\SYSTEM32;C:\WINDOWS\WinSxS\amd64_microsoft.windows.common-controls_6595b64144ccf1df_6.0.22621.2361_none_2712ced57382f843;C:\Program Files (x86)\360\Total Security\safemon;C:\Program Files\Android\Android Studio\jbr\bin\server;C:\Users\jonat\.gradle\native\68d5fa5c4cc2d200863cafc0d521ce42e7d3e7ee720ec0a83991735586a16f82\windows-amd64;C:\Users\jonat\.gradle\native\e376f236ea51e6404a007f0833ffe2c6e607c4080706a723a18a27aeea778392\windows-amd64

VM Arguments:
jvm_args: --add-opens=java.base/java.util=ALL-UNNAMED --add-opens=java.base/java.lang=ALL-UNNAMED --add-opens=java.base/java.lang.invoke=ALL-UNNAMED --add-opens=java.prefs/java.util.prefs=ALL-UNNAMED --add-opens=java.base/java.nio.charset=ALL-UNNAMED --add-opens=java.base/java.net=ALL-UNNAMED --add-opens=java.base/java.util.concurrent.atomic=ALL-UNNAMED -Xmx2048m -Dfile.encoding=UTF-8 -Duser.country=CO -Duser.language=es -Duser.variant 
java_command: org.gradle.launcher.daemon.bootstrap.GradleDaemon 8.0
java_class_path (initial): C:\Users\jonat\.gradle\wrapper\dists\gradle-8.0-bin\ca5e32bp14vu59qr306oxotwh\gradle-8.0\lib\gradle-launcher-8.0.jar
Launcher Type: SUN_STANDARD

[Global flags]
     intx CICompilerCount                          = 4                                         {product} {ergonomic}
     uint ConcGCThreads                            = 2                                         {product} {ergonomic}
     uint G1ConcRefinementThreads                  = 8                                         {product} {ergonomic}
   size_t G1HeapRegionSize                         = 1048576                                   {product} {ergonomic}
    uintx GCDrainStackTargetSize                   = 64                                        {product} {ergonomic}
   size_t InitialHeapSize                          = 130023424                                 {product} {ergonomic}
   size_t MarkStackSize                            = 4194304                                   {product} {ergonomic}
   size_t MaxHeapSize                              = 2147483648                                {product} {command line}
   size_t MaxNewSize                               = 1287651328                                {product} {ergonomic}
   size_t MinHeapDeltaBytes                        = 1048576                                   {product} {ergonomic}
   size_t MinHeapSize                              = 8388608                                   {product} {ergonomic}
    uintx NonNMethodCodeHeapSize                   = 5839372                                {pd product} {ergonomic}
    uintx NonProfiledCodeHeapSize                  = 122909434                              {pd product} {ergonomic}
    uintx ProfiledCodeHeapSize                     = 122909434                              {pd product} {ergonomic}
    uintx ReservedCodeCacheSize                    = 251658240                              {pd product} {ergonomic}
     bool SegmentedCodeCache                       = true                                      {product} {ergonomic}
   size_t SoftMaxHeapSize                          = 2147483648                             {manageable} {ergonomic}
     bool UseCompressedClassPointers               = true                           {product lp64_product} {ergonomic}
     bool UseCompressedOops                        = true                           {product lp64_product} {ergonomic}
     bool UseG1GC                                  = true                                      {product} {ergonomic}
     bool UseLargePagesIndividualAllocation        = false                                  {pd product} {ergonomic}

Logging:
Log output configuration:
 #0: stdout all=warning uptime,level,tags
 #1: stderr all=off uptime,level,tags

Environment Variables:
PATH=C:\WINDOWS\system32;C:\WINDOWS;C:\WINDOWS\System32\Wbem;C:\WINDOWS\System32\WindowsPowerShell\v1.0\;C:\WINDOWS\System32\OpenSSH\;C:\Users\jonat\AppData\Local\Microsoft\WindowsApps;;C:\Users\jonat\AppData\Local\Programs\Microsoft VS Code\bin
USERNAME=jonat
OS=Windows_NT
PROCESSOR_IDENTIFIER=Intel64 Family 6 Model 126 Stepping 5, GenuineIntel
TMP=C:\Users\jonat\AppData\Local\Temp
TEMP=C:\Users\jonat\AppData\Local\Temp


JNI global refs:
JNI global refs: 25, weak refs: 6

JNI global refs memory usage: 843, weak refs: 841


---------------  S Y S T E M  ---------------

OS:
 Windows 11 , 64 bit Build 22621 (10.0.22621.2428)
OS uptime: 2 days 3:37 hours

CPU: total 8 (initial active 8) (4 cores per cpu, 2 threads per core) family 6 model 126 stepping 5 microcode 0xa0, cx8, cmov, fxsr, ht, mmx, 3dnowpref, sse, sse2, sse3, ssse3, sse4.1, sse4.2, popcnt, lzcnt, tsc, tscinvbit, avx, avx2, aes, erms, clmul, bmi1, bmi2, adx, avx512f, avx512dq, avx512cd, avx512bw, avx512vl, sha, fma, vzeroupper, avx512_vpopcntdq, avx512_vpclmulqdq, avx512_vaes, avx512_vnni, clflush, clflushopt, avx512_vbmi2, avx512_vbmi

Memory: 4k page, system-wide physical 7932M (155M free)
TotalPageFile size 27808M (AvailPageFile size 6661M)
current process WorkingSet (physical memory assigned to process): 262M, peak: 262M
current process commit charge ("private bytes"): 340M, peak: 340M

vm_info: OpenJDK 64-Bit Server VM (17.0.6+0-b2043.56-10027231) for windows-amd64 JRE (17.0.6+0-b2043.56-10027231), built on Apr 28 2023 00:43:19 by "androidbuild" with MS VC++ 16.10 / 16.11 (VS2019)

END.
